<?xml version="1.0" encoding="UTF-8"?>
<!-- Generated by org.testng.reporters.JUnitReportReporter -->
<testsuite skipped="0" hostname="DESKTOP-G5N1LDH" name="com.practice.mou.Locators" tests="1" failures="0" timestamp="2020-06-10T18:06:41 EDT" time="13.451" errors="0">
  <testcase name="locator" time="13.451" classname="com.practice.mou.Locators"/>
  <system-out/>
</testsuite> <!-- com.practice.mou.Locators -->
